<?xml version="1.0" encoding="UTF-8"?>
<!-- Generated by org.testng.reporters.JUnitReportReporter -->
<testsuite hostname="DESKTOP-9OE97PG" failures="0" tests="1" name="testclasses.TestScrollDown" time="32.296" errors="0" timestamp="2023-01-27T06:02:25 GMT" skipped="0">
  <testcase classname="testclasses.TestScrollDown" name="ScrollUsingJs" time="32.296"/>
  <system-out/>
</testsuite> <!-- testclasses.TestScrollDown -->
