<?xml version="1.0" encoding="UTF-8"?>
<!-- Generated by org.testng.reporters.JUnitReportReporter -->
<testsuite hostname="DESKTOP-9OE97PG" failures="0" tests="1" name="testclasses.TestHover" time="36.630" errors="0" timestamp="2023-01-26T17:31:18 GMT" skipped="0">
  <testcase classname="testclasses.TestHover" name="HoverTest" time="36.630"/>
  <system-out/>
</testsuite> <!-- testclasses.TestHover -->
