<?xml version="1.0" encoding="UTF-8"?>
<!-- Generated by org.testng.reporters.JUnitReportReporter -->
<testsuite hostname="DESKTOP-9OE97PG" failures="0" tests="1" name="testclasses.TestScrollDown" time="14.061" errors="0" timestamp="2023-01-26T14:31:05 GMT" skipped="0">
  <testcase classname="testclasses.TestScrollDown" name="ScrollUsingJs" time="14.061"/>
  <system-out/>
</testsuite> <!-- testclasses.TestScrollDown -->
